0 silly argv {
0 silly argv   _: [ 'publish' ],
0 silly argv   composed: 'publish',
0 silly argv   lernaVersion: '7.1.4',
0 silly argv   '$0': 'lerna'
0 silly argv }
1 notice cli v7.1.4
2 verbose packageConfigs Explicit "packages" configuration found in lerna.json. Resolving packages using the configured glob(s): ["packages/*"]
3 verbose rootPath /Users/wusaisai/Desktop/wss-test/wss-test
4 error Error: Failed to process the project graph with "nx-js-graph-plugin".
4 error Unknown package manager yarn or lock file missing
4 error     at lockFileHash (/Users/wusaisai/Desktop/wss-test/wss-test/node_modules/nx/src/plugins/js/lock-file/lock-file.js:61:15)
4 error     at /Users/wusaisai/Desktop/wss-test/wss-test/node_modules/nx/src/plugins/js/index.js:21:59
4 error     at Generator.next (<anonymous>)
4 error     at /Users/wusaisai/Desktop/wss-test/wss-test/node_modules/tslib/tslib.js:169:75
4 error     at new Promise (<anonymous>)
4 error     at Object.__awaiter (/Users/wusaisai/Desktop/wss-test/wss-test/node_modules/tslib/tslib.js:165:16)
4 error     at Object.processProjectGraph (/Users/wusaisai/Desktop/wss-test/wss-test/node_modules/nx/src/plugins/js/index.js:15:57)
4 error     at /Users/wusaisai/Desktop/wss-test/wss-test/node_modules/nx/src/project-graph/build-project-graph.js:121:38
4 error     at Generator.next (<anonymous>)
